<?xml version="1.0" encoding="UTF-8"?>
<testsuite name="ru.stqa.sandbox.DistantTest" tests="3" skipped="0" failures="0" errors="0" timestamp="2018-07-11T06:07:42" hostname="DESKTOP-MNQMGLR" time="0.016">
  <properties/>
  <testcase name="testDistance" classname="ru.stqa.sandbox.DistantTest" time="0.016"/>
  <testcase name="testDistance2" classname="ru.stqa.sandbox.DistantTest" time="0.0"/>
  <testcase name="testPyphagoras" classname="ru.stqa.sandbox.DistantTest" time="0.0"/>
  <system-out><![CDATA[]]></system-out>
  <system-err><![CDATA[]]></system-err>
</testsuite>
