<?xml version="1.0" encoding="UTF-8"?>
<testsuite name="ru.addressbook.tests.GroupDeletionTest" tests="1" skipped="0" failures="0" errors="0" timestamp="2018-05-27T13:39:51" hostname="Joy" time="2.028">
  <properties/>
  <testcase name="testGroupDeletion" classname="ru.addressbook.tests.GroupDeletionTest" time="2.028"/>
  <system-out><![CDATA[]]></system-out>
  <system-err><![CDATA[]]></system-err>
</testsuite>
