<?xml version="1.0" encoding="UTF-8"?>
<testsuite name="ru.addressbook.tests.GroupCreationTest" tests="3" skipped="0" failures="0" errors="0" timestamp="2018-05-27T13:05:05" hostname="Joy" time="11.082">
  <properties/>
  <testcase name="testGroupCreation[0](GroupData{id='2147483647', name='test 0'})" classname="ru.addressbook.tests.GroupCreationTest" time="5.305"/>
  <testcase name="testGroupCreation[1](GroupData{id='2147483647', name='test 1'})" classname="ru.addressbook.tests.GroupCreationTest" time="2.683"/>
  <testcase name="testGroupCreation[2](GroupData{id='2147483647', name='test 2'})" classname="ru.addressbook.tests.GroupCreationTest" time="3.094"/>
  <system-out><![CDATA[]]></system-out>
  <system-err><![CDATA[]]></system-err>
</testsuite>
