<?xml version="1.0" encoding="UTF-8"?>
<testsuite name="ru.addressbook.tests.GroupDeletionTest" tests="1" skipped="0" failures="0" errors="0" timestamp="2018-05-26T15:58:01" hostname="Joy" time="1.626">
  <properties/>
  <testcase name="testGroupDeletion" classname="ru.addressbook.tests.GroupDeletionTest" time="1.626"/>
  <system-out><![CDATA[]]></system-out>
  <system-err><![CDATA[]]></system-err>
</testsuite>
